Started GET "/" for 127.0.0.1 at 2024-03-11 18:54:55 -0400
  [1m[35m (0.4ms)[0m  [1m[35mCREATE TABLE "schema_migrations" ("version" varchar NOT NULL PRIMARY KEY)[0m
  [1m[35m (0.1ms)[0m  [1m[35mCREATE TABLE "ar_internal_metadata" ("key" varchar NOT NULL PRIMARY KEY, "value" varchar, "created_at" datetime(6) NOT NULL, "updated_at" datetime(6) NOT NULL)[0m
  [1m[36mActiveRecord::SchemaMigration Load (0.1ms)[0m  [1m[34mSELECT "schema_migrations"."version" FROM "schema_migrations" ORDER BY "schema_migrations"."version" ASC[0m
Processing by Rails::WelcomeController#index as HTML
  Rendering /Users/pablolizardi/.rbenv/versions/3.1.2/lib/ruby/gems/3.1.0/gems/railties-7.1.3.2/lib/rails/templates/rails/welcome/index.html.erb
  Rendered /Users/pablolizardi/.rbenv/versions/3.1.2/lib/ruby/gems/3.1.0/gems/railties-7.1.3.2/lib/rails/templates/rails/welcome/index.html.erb (Duration: 0.3ms | Allocations: 383)
Completed 200 OK in 13ms (Views: 4.3ms | ActiveRecord: 0.0ms | Allocations: 7499)


Started GET "/" for 127.0.0.1 at 2024-03-11 19:12:00 -0400
  [1m[36mActiveRecord::SchemaMigration Load (0.1ms)[0m  [1m[34mSELECT "schema_migrations"."version" FROM "schema_migrations" ORDER BY "schema_migrations"."version" ASC[0m
Processing by HomeController#index as HTML
  Rendering layout layouts/application.html.erb
  Rendering home/index.html.erb within layouts/application
  Rendered home/index.html.erb within layouts/application (Duration: 0.2ms | Allocations: 195)
  Rendered layout layouts/application.html.erb (Duration: 156.0ms | Allocations: 97842)
Completed 200 OK in 161ms (Views: 158.0ms | ActiveRecord: 0.0ms | Allocations: 102167)


  [1m[36mActiveRecord::InternalMetadata Load (0.2ms)[0m  [1m[34mSELECT * FROM "ar_internal_metadata" WHERE "ar_internal_metadata"."key" = ? ORDER BY "ar_internal_metadata"."key" ASC LIMIT 1[0m  [[nil, "environment"]]
  [1m[36mActiveRecord::InternalMetadata Create (0.2ms)[0m  [1m[32mINSERT INTO "ar_internal_metadata" ("key", "value", "created_at", "updated_at") VALUES ('environment', 'development', '2024-03-11 23:13:53.457948', '2024-03-11 23:13:53.457950') RETURNING "key"[0m
  [1m[36mActiveRecord::SchemaMigration Load (0.0ms)[0m  [1m[34mSELECT "schema_migrations"."version" FROM "schema_migrations" ORDER BY "schema_migrations"."version" ASC[0m
Migrating to CreateDestinations (20240311231345)
  [1m[36mTRANSACTION (0.0ms)[0m  [1m[36mbegin transaction[0m
  [1m[35m (0.5ms)[0m  [1m[35mCREATE TABLE "destinations" ("id" integer PRIMARY KEY AUTOINCREMENT NOT NULL, "name" varchar, "description" text, "created_at" datetime(6) NOT NULL, "updated_at" datetime(6) NOT NULL)[0m
  [1m[36mActiveRecord::SchemaMigration Create (0.0ms)[0m  [1m[32mINSERT INTO "schema_migrations" ("version") VALUES ('20240311231345') RETURNING "version"[0m
  [1m[36mTRANSACTION (0.1ms)[0m  [1m[36mcommit transaction[0m
  [1m[36mActiveRecord::SchemaMigration Load (0.0ms)[0m  [1m[34mSELECT "schema_migrations"."version" FROM "schema_migrations" ORDER BY "schema_migrations"."version" ASC[0m
  [1m[36mActiveRecord::SchemaMigration Load (0.2ms)[0m  [1m[34mSELECT "schema_migrations"."version" FROM "schema_migrations" ORDER BY "schema_migrations"."version" ASC[0m
  [1m[36mTRANSACTION (0.0ms)[0m  [1m[36mbegin transaction[0m
  [1m[36mDestination Create (0.5ms)[0m  [1m[32mINSERT INTO "destinations" ("name", "description", "created_at", "updated_at") VALUES (?, ?, ?, ?) RETURNING "id"[0m  [["name", "Paris"], ["description", "The City of Light is known for its cafe culture and the Eiffel Tower."], ["created_at", "2024-03-11 23:18:06.665183"], ["updated_at", "2024-03-11 23:18:06.665183"]]
  [1m[36mTRANSACTION (0.0ms)[0m  [1m[36mcommit transaction[0m
  [1m[36mTRANSACTION (0.0ms)[0m  [1m[36mbegin transaction[0m
  [1m[36mDestination Create (0.3ms)[0m  [1m[32mINSERT INTO "destinations" ("name", "description", "created_at", "updated_at") VALUES (?, ?, ?, ?) RETURNING "id"[0m  [["name", "Tokyo"], ["description", "A bustling metropolis that offers a unique blend of the traditional and the ultra-modern."], ["created_at", "2024-03-11 23:18:06.666817"], ["updated_at", "2024-03-11 23:18:06.666817"]]
  [1m[36mTRANSACTION (0.0ms)[0m  [1m[36mcommit transaction[0m
  [1m[36mTRANSACTION (0.0ms)[0m  [1m[36mbegin transaction[0m
  [1m[36mDestination Create (0.3ms)[0m  [1m[32mINSERT INTO "destinations" ("name", "description", "created_at", "updated_at") VALUES (?, ?, ?, ?) RETURNING "id"[0m  [["name", "New York City"], ["description", "The Big Apple, known for its vibrant culture and iconic skyline."], ["created_at", "2024-03-11 23:18:06.667870"], ["updated_at", "2024-03-11 23:18:06.667870"]]
  [1m[36mTRANSACTION (0.0ms)[0m  [1m[36mcommit transaction[0m
Started GET "/" for 127.0.0.1 at 2024-03-11 19:20:49 -0400
  [1m[36mActiveRecord::SchemaMigration Load (0.1ms)[0m  [1m[34mSELECT "schema_migrations"."version" FROM "schema_migrations" ORDER BY "schema_migrations"."version" ASC[0m
Processing by HomeController#index as HTML
  Rendering layout layouts/application.html.erb
  Rendering home/index.html.erb within layouts/application
  Rendered home/index.html.erb within layouts/application (Duration: 0.2ms | Allocations: 195)
  Rendered layout layouts/application.html.erb (Duration: 50.1ms | Allocations: 38794)
Completed 200 OK in 56ms (Views: 52.2ms | ActiveRecord: 0.0ms | Allocations: 43133)


Started GET "/" for 127.0.0.1 at 2024-03-11 19:20:54 -0400
Processing by HomeController#index as HTML
  Rendering layout layouts/application.html.erb
  Rendering home/index.html.erb within layouts/application
  Rendered home/index.html.erb within layouts/application (Duration: 0.1ms | Allocations: 11)
  Rendered layout layouts/application.html.erb (Duration: 5.7ms | Allocations: 1859)
Completed 200 OK in 8ms (Views: 6.7ms | ActiveRecord: 0.0ms | Allocations: 2179)


Started GET "/destinations" for 127.0.0.1 at 2024-03-11 19:21:16 -0400
Processing by DestinationsController#index as HTML
  Rendering layout layouts/application.html.erb
  Rendering destinations/index.html.erb within layouts/application
  [1m[36mDestination Load (0.2ms)[0m  [1m[34mSELECT "destinations".* FROM "destinations"[0m
  ↳ app/views/destinations/index.html.erb:5
  Rendered destinations/index.html.erb within layouts/application (Duration: 9.8ms | Allocations: 10474)
  Rendered layout layouts/application.html.erb (Duration: 11.2ms | Allocations: 12012)
Completed 200 OK in 34ms (Views: 10.1ms | ActiveRecord: 2.0ms | Allocations: 19312)


Started GET "/destinations" for 127.0.0.1 at 2024-03-11 19:24:11 -0400
Processing by DestinationsController#index as HTML
  Rendering layout layouts/application.html.erb
  Rendering destinations/index.html.erb within layouts/application
  [1m[36mDestination Load (0.3ms)[0m  [1m[34mSELECT "destinations".* FROM "destinations"[0m
  ↳ app/views/destinations/index.html.erb:5
  Rendered destinations/index.html.erb within layouts/application (Duration: 10.8ms | Allocations: 693)
  Rendered layout layouts/application.html.erb (Duration: 14.8ms | Allocations: 2026)
Completed 200 OK in 18ms (Views: 15.8ms | ActiveRecord: 0.2ms | Allocations: 2335)


  [1m[36mActiveRecord::SchemaMigration Load (0.2ms)[0m  [1m[34mSELECT "schema_migrations"."version" FROM "schema_migrations" ORDER BY "schema_migrations"."version" ASC[0m
  [1m[36mTRANSACTION (0.0ms)[0m  [1m[36mbegin transaction[0m
  [1m[36mDestination Create (1.1ms)[0m  [1m[32mINSERT INTO "destinations" ("name", "description", "created_at", "updated_at") VALUES (?, ?, ?, ?) RETURNING "id"[0m  [["name", "Paris"], ["description", "The City of Light is known for its cafe culture and the Eiffel Tower."], ["created_at", "2024-03-11 23:33:29.412865"], ["updated_at", "2024-03-11 23:33:29.412865"]]
  [1m[36mTRANSACTION (0.1ms)[0m  [1m[36mcommit transaction[0m
  [1m[36mTRANSACTION (0.0ms)[0m  [1m[36mbegin transaction[0m
  [1m[36mDestination Create (0.4ms)[0m  [1m[32mINSERT INTO "destinations" ("name", "description", "created_at", "updated_at") VALUES (?, ?, ?, ?) RETURNING "id"[0m  [["name", "Tokyo"], ["description", "A bustling metropolis that offers a unique blend of the traditional and the ultra-modern."], ["created_at", "2024-03-11 23:33:29.414996"], ["updated_at", "2024-03-11 23:33:29.414996"]]
  [1m[36mTRANSACTION (0.0ms)[0m  [1m[36mcommit transaction[0m
  [1m[36mTRANSACTION (0.0ms)[0m  [1m[36mbegin transaction[0m
  [1m[36mDestination Create (0.4ms)[0m  [1m[32mINSERT INTO "destinations" ("name", "description", "created_at", "updated_at") VALUES (?, ?, ?, ?) RETURNING "id"[0m  [["name", "New York City"], ["description", "The Big Apple, known for its vibrant culture and iconic skyline."], ["created_at", "2024-03-11 23:33:29.416047"], ["updated_at", "2024-03-11 23:33:29.416047"]]
  [1m[36mTRANSACTION (0.0ms)[0m  [1m[36mcommit transaction[0m
  [1m[36mTRANSACTION (0.0ms)[0m  [1m[36mbegin transaction[0m
  [1m[36mDestination Create (0.4ms)[0m  [1m[32mINSERT INTO "destinations" ("name", "description", "created_at", "updated_at") VALUES (?, ?, ?, ?) RETURNING "id"[0m  [["name", "United States"], ["description", "A diverse country with both natural wonders and vibrant cities."], ["created_at", "2024-03-11 23:33:29.417020"], ["updated_at", "2024-03-11 23:33:29.417020"]]
  [1m[36mTRANSACTION (0.0ms)[0m  [1m[36mcommit transaction[0m
  [1m[36mTRANSACTION (0.0ms)[0m  [1m[36mbegin transaction[0m
  [1m[36mDestination Create (0.4ms)[0m  [1m[32mINSERT INTO "destinations" ("name", "description", "created_at", "updated_at") VALUES (?, ?, ?, ?) RETURNING "id"[0m  [["name", "Canada"], ["description", "Known for its vast landscapes and polite residents."], ["created_at", "2024-03-11 23:33:29.417972"], ["updated_at", "2024-03-11 23:33:29.417972"]]
  [1m[36mTRANSACTION (0.0ms)[0m  [1m[36mcommit transaction[0m
  [1m[36mTRANSACTION (0.0ms)[0m  [1m[36mbegin transaction[0m
  [1m[36mDestination Create (0.3ms)[0m  [1m[32mINSERT INTO "destinations" ("name", "description", "created_at", "updated_at") VALUES (?, ?, ?, ?) RETURNING "id"[0m  [["name", "Mexico"], ["description", "A country rich in culture, cuisine, and stunning beaches."], ["created_at", "2024-03-11 23:33:29.418917"], ["updated_at", "2024-03-11 23:33:29.418917"]]
  [1m[36mTRANSACTION (1.1ms)[0m  [1m[36mcommit transaction[0m
  [1m[36mTRANSACTION (0.0ms)[0m  [1m[36mbegin transaction[0m
  [1m[36mDestination Create (0.3ms)[0m  [1m[32mINSERT INTO "destinations" ("name", "description", "created_at", "updated_at") VALUES (?, ?, ?, ?) RETURNING "id"[0m  [["name", "France"], ["description", "Home to iconic landmarks like the Eiffel Tower and the Louvre."], ["created_at", "2024-03-11 23:33:29.421148"], ["updated_at", "2024-03-11 23:33:29.421148"]]
  [1m[36mTRANSACTION (0.0ms)[0m  [1m[36mcommit transaction[0m
  [1m[36mTRANSACTION (0.0ms)[0m  [1m[36mbegin transaction[0m
  [1m[36mDestination Create (0.3ms)[0m  [1m[32mINSERT INTO "destinations" ("name", "description", "created_at", "updated_at") VALUES (?, ?, ?, ?) RETURNING "id"[0m  [["name", "Italy"], ["description", "A country celebrated for its art, architecture, and culinary traditions."], ["created_at", "2024-03-11 23:33:29.422246"], ["updated_at", "2024-03-11 23:33:29.422246"]]
  [1m[36mTRANSACTION (0.0ms)[0m  [1m[36mcommit transaction[0m
  [1m[36mTRANSACTION (0.0ms)[0m  [1m[36mbegin transaction[0m
  [1m[36mDestination Create (0.3ms)[0m  [1m[32mINSERT INTO "destinations" ("name", "description", "created_at", "updated_at") VALUES (?, ?, ?, ?) RETURNING "id"[0m  [["name", "Spain"], ["description", "Famous for its festive culture, historical cities, and beautiful beaches."], ["created_at", "2024-03-11 23:33:29.423172"], ["updated_at", "2024-03-11 23:33:29.423172"]]
  [1m[36mTRANSACTION (0.0ms)[0m  [1m[36mcommit transaction[0m
  [1m[36mTRANSACTION (0.0ms)[0m  [1m[36mbegin transaction[0m
  [1m[36mDestination Create (0.3ms)[0m  [1m[32mINSERT INTO "destinations" ("name", "description", "created_at", "updated_at") VALUES (?, ?, ?, ?) RETURNING "id"[0m  [["name", "Paris"], ["description", "The City of Light is known for its cafe culture and the Eiffel Tower."], ["created_at", "2024-03-11 23:33:29.424166"], ["updated_at", "2024-03-11 23:33:29.424166"]]
  [1m[36mTRANSACTION (0.0ms)[0m  [1m[36mcommit transaction[0m
  [1m[36mTRANSACTION (0.0ms)[0m  [1m[36mbegin transaction[0m
  [1m[36mDestination Create (0.3ms)[0m  [1m[32mINSERT INTO "destinations" ("name", "description", "created_at", "updated_at") VALUES (?, ?, ?, ?) RETURNING "id"[0m  [["name", "Tokyo"], ["description", "A bustling metropolis that offers a unique blend of the traditional and the ultra-modern."], ["created_at", "2024-03-11 23:33:29.425107"], ["updated_at", "2024-03-11 23:33:29.425107"]]
  [1m[36mTRANSACTION (0.0ms)[0m  [1m[36mcommit transaction[0m
  [1m[36mTRANSACTION (0.0ms)[0m  [1m[36mbegin transaction[0m
  [1m[36mDestination Create (0.3ms)[0m  [1m[32mINSERT INTO "destinations" ("name", "description", "created_at", "updated_at") VALUES (?, ?, ?, ?) RETURNING "id"[0m  [["name", "New York City"], ["description", "The Big Apple, known for its vibrant culture and iconic skyline."], ["created_at", "2024-03-11 23:33:29.425983"], ["updated_at", "2024-03-11 23:33:29.425983"]]
  [1m[36mTRANSACTION (0.0ms)[0m  [1m[36mcommit transaction[0m
  [1m[36mActiveRecord::SchemaMigration Load (0.1ms)[0m  [1m[34mSELECT "schema_migrations"."version" FROM "schema_migrations" ORDER BY "schema_migrations"."version" ASC[0m
  [1m[36mActiveRecord::InternalMetadata Load (0.2ms)[0m  [1m[34mSELECT * FROM "ar_internal_metadata" WHERE "ar_internal_metadata"."key" = ? ORDER BY "ar_internal_metadata"."key" ASC LIMIT 1[0m  [[nil, "environment"]]
  [1m[36mActiveRecord::SchemaMigration Load (0.0ms)[0m  [1m[34mSELECT "schema_migrations"."version" FROM "schema_migrations" ORDER BY "schema_migrations"."version" ASC[0m
  [1m[36mActiveRecord::InternalMetadata Load (0.0ms)[0m  [1m[34mSELECT * FROM "ar_internal_metadata" WHERE "ar_internal_metadata"."key" = ? ORDER BY "ar_internal_metadata"."key" ASC LIMIT 1[0m  [[nil, "environment"]]
  [1m[36mActiveRecord::SchemaMigration Load (0.0ms)[0m  [1m[34mSELECT "schema_migrations"."version" FROM "schema_migrations" ORDER BY "schema_migrations"."version" ASC[0m
  [1m[36mActiveRecord::InternalMetadata Load (0.0ms)[0m  [1m[34mSELECT * FROM "ar_internal_metadata" WHERE "ar_internal_metadata"."key" = ? ORDER BY "ar_internal_metadata"."key" ASC LIMIT 1[0m  [[nil, "environment"]]
  [1m[35m (0.2ms)[0m  [1m[35mDROP TABLE IF EXISTS "destinations"[0m
  [1m[35m (0.2ms)[0m  [1m[35mCREATE TABLE "destinations" ("id" integer PRIMARY KEY AUTOINCREMENT NOT NULL, "name" varchar, "description" text, "created_at" datetime(6) NOT NULL, "updated_at" datetime(6) NOT NULL)[0m
  [1m[35m (0.1ms)[0m  [1m[35mCREATE TABLE "schema_migrations" ("version" varchar NOT NULL PRIMARY KEY)[0m
  [1m[36mActiveRecord::SchemaMigration Load (0.0ms)[0m  [1m[34mSELECT "schema_migrations"."version" FROM "schema_migrations" ORDER BY "schema_migrations"."version" ASC[0m
  [1m[35m (0.0ms)[0m  [1m[32mINSERT INTO "schema_migrations" (version) VALUES (20240311231345)[0m
  [1m[35m (0.1ms)[0m  [1m[35mCREATE TABLE "ar_internal_metadata" ("key" varchar NOT NULL PRIMARY KEY, "value" varchar, "created_at" datetime(6) NOT NULL, "updated_at" datetime(6) NOT NULL)[0m
  [1m[36mActiveRecord::InternalMetadata Load (0.0ms)[0m  [1m[34mSELECT * FROM "ar_internal_metadata" WHERE "ar_internal_metadata"."key" = ? ORDER BY "ar_internal_metadata"."key" ASC LIMIT 1[0m  [[nil, "environment"]]
  [1m[36mActiveRecord::InternalMetadata Create (0.0ms)[0m  [1m[32mINSERT INTO "ar_internal_metadata" ("key", "value", "created_at", "updated_at") VALUES ('environment', 'development', '2024-03-11 23:33:53.952502', '2024-03-11 23:33:53.952504') RETURNING "key"[0m
  [1m[36mActiveRecord::InternalMetadata Load (0.0ms)[0m  [1m[34mSELECT * FROM "ar_internal_metadata" WHERE "ar_internal_metadata"."key" = ? ORDER BY "ar_internal_metadata"."key" ASC LIMIT 1[0m  [[nil, "environment"]]
  [1m[36mActiveRecord::InternalMetadata Load (0.0ms)[0m  [1m[34mSELECT * FROM "ar_internal_metadata" WHERE "ar_internal_metadata"."key" = ? ORDER BY "ar_internal_metadata"."key" ASC LIMIT 1[0m  [[nil, "schema_sha1"]]
  [1m[36mActiveRecord::InternalMetadata Create (0.0ms)[0m  [1m[32mINSERT INTO "ar_internal_metadata" ("key", "value", "created_at", "updated_at") VALUES ('schema_sha1', '64f90c924216a5778e522e09f1cb4985dc71637b', '2024-03-11 23:33:53.953396', '2024-03-11 23:33:53.953397') RETURNING "key"[0m
  [1m[35m (0.0ms)[0m  [1m[35mDROP TABLE IF EXISTS "destinations"[0m
  [1m[35m (0.1ms)[0m  [1m[35mCREATE TABLE "destinations" ("id" integer PRIMARY KEY AUTOINCREMENT NOT NULL, "name" varchar, "description" text, "created_at" datetime(6) NOT NULL, "updated_at" datetime(6) NOT NULL)[0m
  [1m[35m (0.1ms)[0m  [1m[35mCREATE TABLE "schema_migrations" ("version" varchar NOT NULL PRIMARY KEY)[0m
  [1m[36mActiveRecord::SchemaMigration Load (0.0ms)[0m  [1m[34mSELECT "schema_migrations"."version" FROM "schema_migrations" ORDER BY "schema_migrations"."version" ASC[0m
  [1m[35m (0.0ms)[0m  [1m[32mINSERT INTO "schema_migrations" (version) VALUES (20240311231345)[0m
  [1m[35m (0.1ms)[0m  [1m[35mCREATE TABLE "ar_internal_metadata" ("key" varchar NOT NULL PRIMARY KEY, "value" varchar, "created_at" datetime(6) NOT NULL, "updated_at" datetime(6) NOT NULL)[0m
  [1m[36mActiveRecord::InternalMetadata Load (0.0ms)[0m  [1m[34mSELECT * FROM "ar_internal_metadata" WHERE "ar_internal_metadata"."key" = ? ORDER BY "ar_internal_metadata"."key" ASC LIMIT 1[0m  [[nil, "environment"]]
  [1m[36mActiveRecord::InternalMetadata Create (0.0ms)[0m  [1m[32mINSERT INTO "ar_internal_metadata" ("key", "value", "created_at", "updated_at") VALUES ('environment', 'development', '2024-03-11 23:33:53.956995', '2024-03-11 23:33:53.956995') RETURNING "key"[0m
  [1m[36mActiveRecord::InternalMetadata Load (0.0ms)[0m  [1m[34mSELECT * FROM "ar_internal_metadata" WHERE "ar_internal_metadata"."key" = ? ORDER BY "ar_internal_metadata"."key" ASC LIMIT 1[0m  [[nil, "environment"]]
  [1m[36mActiveRecord::InternalMetadata Update (0.0ms)[0m  [1m[33mUPDATE "ar_internal_metadata" SET "value" = 'test', "updated_at" = '2024-03-11 23:33:53.957578' WHERE "ar_internal_metadata"."key" = 'environment'[0m
  [1m[36mActiveRecord::InternalMetadata Load (0.0ms)[0m  [1m[34mSELECT * FROM "ar_internal_metadata" WHERE "ar_internal_metadata"."key" = ? ORDER BY "ar_internal_metadata"."key" ASC LIMIT 1[0m  [[nil, "schema_sha1"]]
  [1m[36mActiveRecord::InternalMetadata Create (0.0ms)[0m  [1m[32mINSERT INTO "ar_internal_metadata" ("key", "value", "created_at", "updated_at") VALUES ('schema_sha1', '64f90c924216a5778e522e09f1cb4985dc71637b', '2024-03-11 23:33:53.958156', '2024-03-11 23:33:53.958157') RETURNING "key"[0m
  [1m[36mActiveRecord::SchemaMigration Load (0.0ms)[0m  [1m[34mSELECT "schema_migrations"."version" FROM "schema_migrations" ORDER BY "schema_migrations"."version" ASC[0m
  [1m[36mTRANSACTION (0.0ms)[0m  [1m[36mbegin transaction[0m
  [1m[36mDestination Create (0.5ms)[0m  [1m[32mINSERT INTO "destinations" ("name", "description", "created_at", "updated_at") VALUES (?, ?, ?, ?) RETURNING "id"[0m  [["name", "Paris"], ["description", "The City of Light is known for its cafe culture and the Eiffel Tower."], ["created_at", "2024-03-11 23:33:53.969477"], ["updated_at", "2024-03-11 23:33:53.969477"]]
  [1m[36mTRANSACTION (0.1ms)[0m  [1m[36mcommit transaction[0m
  [1m[36mTRANSACTION (0.0ms)[0m  [1m[36mbegin transaction[0m
  [1m[36mDestination Create (0.3ms)[0m  [1m[32mINSERT INTO "destinations" ("name", "description", "created_at", "updated_at") VALUES (?, ?, ?, ?) RETURNING "id"[0m  [["name", "Tokyo"], ["description", "A bustling metropolis that offers a unique blend of the traditional and the ultra-modern."], ["created_at", "2024-03-11 23:33:53.971022"], ["updated_at", "2024-03-11 23:33:53.971022"]]
  [1m[36mTRANSACTION (0.0ms)[0m  [1m[36mcommit transaction[0m
  [1m[36mTRANSACTION (0.0ms)[0m  [1m[36mbegin transaction[0m
  [1m[36mDestination Create (0.3ms)[0m  [1m[32mINSERT INTO "destinations" ("name", "description", "created_at", "updated_at") VALUES (?, ?, ?, ?) RETURNING "id"[0m  [["name", "New York City"], ["description", "The Big Apple, known for its vibrant culture and iconic skyline."], ["created_at", "2024-03-11 23:33:53.972119"], ["updated_at", "2024-03-11 23:33:53.972119"]]
  [1m[36mTRANSACTION (0.1ms)[0m  [1m[36mcommit transaction[0m
  [1m[36mTRANSACTION (0.0ms)[0m  [1m[36mbegin transaction[0m
  [1m[36mDestination Create (0.3ms)[0m  [1m[32mINSERT INTO "destinations" ("name", "description", "created_at", "updated_at") VALUES (?, ?, ?, ?) RETURNING "id"[0m  [["name", "United States"], ["description", "A diverse country with both natural wonders and vibrant cities."], ["created_at", "2024-03-11 23:33:53.973099"], ["updated_at", "2024-03-11 23:33:53.973099"]]
  [1m[36mTRANSACTION (0.0ms)[0m  [1m[36mcommit transaction[0m
  [1m[36mTRANSACTION (0.0ms)[0m  [1m[36mbegin transaction[0m
  [1m[36mDestination Create (0.3ms)[0m  [1m[32mINSERT INTO "destinations" ("name", "description", "created_at", "updated_at") VALUES (?, ?, ?, ?) RETURNING "id"[0m  [["name", "Canada"], ["description", "Known for its vast landscapes and polite residents."], ["created_at", "2024-03-11 23:33:53.974022"], ["updated_at", "2024-03-11 23:33:53.974022"]]
  [1m[36mTRANSACTION (0.0ms)[0m  [1m[36mcommit transaction[0m
  [1m[36mTRANSACTION (0.0ms)[0m  [1m[36mbegin transaction[0m
  [1m[36mDestination Create (0.3ms)[0m  [1m[32mINSERT INTO "destinations" ("name", "description", "created_at", "updated_at") VALUES (?, ?, ?, ?) RETURNING "id"[0m  [["name", "Mexico"], ["description", "A country rich in culture, cuisine, and stunning beaches."], ["created_at", "2024-03-11 23:33:53.974956"], ["updated_at", "2024-03-11 23:33:53.974956"]]
  [1m[36mTRANSACTION (0.0ms)[0m  [1m[36mcommit transaction[0m
  [1m[36mTRANSACTION (0.0ms)[0m  [1m[36mbegin transaction[0m
  [1m[36mDestination Create (0.3ms)[0m  [1m[32mINSERT INTO "destinations" ("name", "description", "created_at", "updated_at") VALUES (?, ?, ?, ?) RETURNING "id"[0m  [["name", "France"], ["description", "Home to iconic landmarks like the Eiffel Tower and the Louvre."], ["created_at", "2024-03-11 23:33:53.975867"], ["updated_at", "2024-03-11 23:33:53.975867"]]
  [1m[36mTRANSACTION (0.0ms)[0m  [1m[36mcommit transaction[0m
  [1m[36mTRANSACTION (0.0ms)[0m  [1m[36mbegin transaction[0m
  [1m[36mDestination Create (0.3ms)[0m  [1m[32mINSERT INTO "destinations" ("name", "description", "created_at", "updated_at") VALUES (?, ?, ?, ?) RETURNING "id"[0m  [["name", "Italy"], ["description", "A country celebrated for its art, architecture, and culinary traditions."], ["created_at", "2024-03-11 23:33:53.976795"], ["updated_at", "2024-03-11 23:33:53.976795"]]
  [1m[36mTRANSACTION (0.0ms)[0m  [1m[36mcommit transaction[0m
  [1m[36mTRANSACTION (0.0ms)[0m  [1m[36mbegin transaction[0m
  [1m[36mDestination Create (0.3ms)[0m  [1m[32mINSERT INTO "destinations" ("name", "description", "created_at", "updated_at") VALUES (?, ?, ?, ?) RETURNING "id"[0m  [["name", "Spain"], ["description", "Famous for its festive culture, historical cities, and beautiful beaches."], ["created_at", "2024-03-11 23:33:53.977719"], ["updated_at", "2024-03-11 23:33:53.977719"]]
  [1m[36mTRANSACTION (0.0ms)[0m  [1m[36mcommit transaction[0m
  [1m[36mTRANSACTION (0.0ms)[0m  [1m[36mbegin transaction[0m
  [1m[36mDestination Create (0.3ms)[0m  [1m[32mINSERT INTO "destinations" ("name", "description", "created_at", "updated_at") VALUES (?, ?, ?, ?) RETURNING "id"[0m  [["name", "Paris"], ["description", "The City of Light is known for its cafe culture and the Eiffel Tower."], ["created_at", "2024-03-11 23:33:53.978650"], ["updated_at", "2024-03-11 23:33:53.978650"]]
  [1m[36mTRANSACTION (0.0ms)[0m  [1m[36mcommit transaction[0m
  [1m[36mTRANSACTION (0.0ms)[0m  [1m[36mbegin transaction[0m
  [1m[36mDestination Create (0.3ms)[0m  [1m[32mINSERT INTO "destinations" ("name", "description", "created_at", "updated_at") VALUES (?, ?, ?, ?) RETURNING "id"[0m  [["name", "Tokyo"], ["description", "A bustling metropolis that offers a unique blend of the traditional and the ultra-modern."], ["created_at", "2024-03-11 23:33:53.979610"], ["updated_at", "2024-03-11 23:33:53.979610"]]
  [1m[36mTRANSACTION (0.0ms)[0m  [1m[36mcommit transaction[0m
  [1m[36mTRANSACTION (0.0ms)[0m  [1m[36mbegin transaction[0m
  [1m[36mDestination Create (0.3ms)[0m  [1m[32mINSERT INTO "destinations" ("name", "description", "created_at", "updated_at") VALUES (?, ?, ?, ?) RETURNING "id"[0m  [["name", "New York City"], ["description", "The Big Apple, known for its vibrant culture and iconic skyline."], ["created_at", "2024-03-11 23:33:53.980519"], ["updated_at", "2024-03-11 23:33:53.980519"]]
  [1m[36mTRANSACTION (0.0ms)[0m  [1m[36mcommit transaction[0m
Started GET "/destinations" for 127.0.0.1 at 2024-03-11 19:34:17 -0400
  [1m[36mActiveRecord::SchemaMigration Load (0.2ms)[0m  [1m[34mSELECT "schema_migrations"."version" FROM "schema_migrations" ORDER BY "schema_migrations"."version" ASC[0m
Processing by DestinationsController#index as HTML
  Rendering layout layouts/application.html.erb
  Rendering destinations/index.html.erb within layouts/application
  [1m[36mDestination Load (0.0ms)[0m  [1m[34mSELECT "destinations".* FROM "destinations"[0m
  ↳ app/views/destinations/index.html.erb:5
  Rendered destinations/index.html.erb within layouts/application (Duration: 11.0ms | Allocations: 10699)
  Rendered layout layouts/application.html.erb (Duration: 36.6ms | Allocations: 48126)
Completed 200 OK in 49ms (Views: 33.2ms | ActiveRecord: 6.6ms | Allocations: 58202)


Started GET "/" for 127.0.0.1 at 2024-03-11 19:35:56 -0400
  [1m[36mActiveRecord::SchemaMigration Load (0.2ms)[0m  [1m[34mSELECT "schema_migrations"."version" FROM "schema_migrations" ORDER BY "schema_migrations"."version" ASC[0m
Processing by HomeController#index as HTML
  Rendering layout layouts/application.html.erb
  Rendering home/index.html.erb within layouts/application
  Rendered home/index.html.erb within layouts/application (Duration: 0.1ms | Allocations: 195)
  Rendered layout layouts/application.html.erb (Duration: 55.3ms | Allocations: 37672)
Completed 200 OK in 61ms (Views: 57.4ms | ActiveRecord: 0.0ms | Allocations: 42011)


Started GET "/index" for 127.0.0.1 at 2024-03-11 19:36:22 -0400
  
ActionController::RoutingError (No route matches [GET] "/index"):
  
Started GET "/" for 127.0.0.1 at 2024-03-11 19:37:20 -0400
Processing by HomeController#index as HTML
  Rendering layout layouts/application.html.erb
  Rendering home/index.html.erb within layouts/application
  Rendered home/index.html.erb within layouts/application (Duration: 0.2ms | Allocations: 114)
  Rendered layout layouts/application.html.erb (Duration: 14.1ms | Allocations: 17069)
Completed 200 OK in 16ms (Views: 15.0ms | ActiveRecord: 0.0ms | Allocations: 18150)


Started GET "/" for 127.0.0.1 at 2024-03-11 19:38:56 -0400
Processing by HomeController#index as HTML
  Rendering layout layouts/application.html.erb
  Rendering home/index.html.erb within layouts/application
  Rendered home/index.html.erb within layouts/application (Duration: 0.1ms | Allocations: 7)
  Rendered layout layouts/application.html.erb (Duration: 11.3ms | Allocations: 1653)
Completed 200 OK in 14ms (Views: 12.5ms | ActiveRecord: 0.0ms | Allocations: 1929)


Started GET "/" for 127.0.0.1 at 2024-03-11 19:40:46 -0400
Processing by HomeController#index as HTML
  Rendering layout layouts/application.html.erb
  Rendering home/index.html.erb within layouts/application
  Rendered home/index.html.erb within layouts/application (Duration: 0.1ms | Allocations: 116)
  Rendered layout layouts/application.html.erb (Duration: 9.9ms | Allocations: 17202)
Completed 200 OK in 12ms (Views: 11.2ms | ActiveRecord: 0.0ms | Allocations: 18288)


Started GET "/" for 127.0.0.1 at 2024-03-11 19:41:05 -0400
  [1m[36mActiveRecord::SchemaMigration Load (0.2ms)[0m  [1m[34mSELECT "schema_migrations"."version" FROM "schema_migrations" ORDER BY "schema_migrations"."version" ASC[0m
Processing by HomeController#index as HTML
  Rendering layout layouts/application.html.erb
  Rendering home/index.html.erb within layouts/application
  Rendered home/index.html.erb within layouts/application (Duration: 0.1ms | Allocations: 195)
  Rendered layout layouts/application.html.erb (Duration: 22.9ms | Allocations: 37760)
Completed 200 OK in 28ms (Views: 24.7ms | ActiveRecord: 0.0ms | Allocations: 42098)


Started GET "/" for 127.0.0.1 at 2024-03-11 19:46:34 -0400
  [1m[36mActiveRecord::SchemaMigration Load (0.2ms)[0m  [1m[34mSELECT "schema_migrations"."version" FROM "schema_migrations" ORDER BY "schema_migrations"."version" ASC[0m
Processing by HomeController#index as HTML
  Rendering layout layouts/application.html.erb
  Rendering home/index.html.erb within layouts/application
  [1m[36mDestination Pluck (0.0ms)[0m  [1m[34mSELECT "destinations"."name" FROM "destinations"[0m
  ↳ app/views/home/index.html.erb:5
  Rendered home/index.html.erb within layouts/application (Duration: 10.8ms | Allocations: 12499)
  Rendered layout layouts/application.html.erb (Duration: 10.9ms | Allocations: 12630)
Completed 500 Internal Server Error in 17ms (ActiveRecord: 0.8ms | Allocations: 16897)


  
ActionView::Template::Error (undefined method `each' for nil:NilClass

'.freeze;       @destinations.each do |destination| 
                             ^^^^^):
     8:     
     9:     <h2>Destinations:</h2>
    10:     <ul>
    11:       <% @destinations.each do |destination| %>
    12:         <li>
    13:           <strong><%= destination.name %></strong>: <%= destination.description %>
    14:         </li>
  
app/views/home/index.html.erb:11
Started GET "/" for 127.0.0.1 at 2024-03-11 19:49:25 -0400
  [1m[36mActiveRecord::SchemaMigration Load (0.1ms)[0m  [1m[34mSELECT "schema_migrations"."version" FROM "schema_migrations" ORDER BY "schema_migrations"."version" ASC[0m
Processing by HomeController#index as HTML
  Rendering layout layouts/application.html.erb
  Rendering home/index.html.erb within layouts/application
  Rendered home/index.html.erb within layouts/application (Duration: 0.2ms | Allocations: 206)
  Rendered layout layouts/application.html.erb (Duration: 27.2ms | Allocations: 37727)
Completed 200 OK in 33ms (Views: 29.3ms | ActiveRecord: 0.0ms | Allocations: 42065)


Started GET "/destinations" for 127.0.0.1 at 2024-03-11 19:49:28 -0400
Processing by DestinationsController#index as HTML
  Rendering layout layouts/application.html.erb
  Rendering destinations/index.html.erb within layouts/application
  [1m[36mDestination Pluck (0.1ms)[0m  [1m[34mSELECT "destinations"."name" FROM "destinations"[0m
  ↳ app/views/destinations/index.html.erb:7
  [1m[36mDestination Load (0.1ms)[0m  [1m[34mSELECT "destinations".* FROM "destinations"[0m
  ↳ app/views/destinations/index.html.erb:13
  Rendered destinations/index.html.erb within layouts/application (Duration: 12.8ms | Allocations: 13361)
  Rendered layout layouts/application.html.erb (Duration: 14.4ms | Allocations: 15214)
Completed 200 OK in 29ms (Views: 13.8ms | ActiveRecord: 1.4ms | Allocations: 21540)


Started GET "/destinations?country=Paris&commit=Search" for 127.0.0.1 at 2024-03-11 19:49:35 -0400
Processing by DestinationsController#index as HTML
  Parameters: {"country"=>"Paris", "commit"=>"Search"}
  Rendering layout layouts/application.html.erb
  Rendering destinations/index.html.erb within layouts/application
  [1m[36mDestination Pluck (0.1ms)[0m  [1m[34mSELECT "destinations"."name" FROM "destinations"[0m
  ↳ app/views/destinations/index.html.erb:7
  [1m[36mDestination Load (0.1ms)[0m  [1m[34mSELECT "destinations".* FROM "destinations"[0m
  ↳ app/views/destinations/index.html.erb:13
  Rendered destinations/index.html.erb within layouts/application (Duration: 4.0ms | Allocations: 2717)
  Rendered layout layouts/application.html.erb (Duration: 7.7ms | Allocations: 4366)
Completed 200 OK in 10ms (Views: 8.4ms | ActiveRecord: 0.2ms | Allocations: 4682)


Started GET "/" for 127.0.0.1 at 2024-03-11 20:01:17 -0400
  [1m[36mActiveRecord::SchemaMigration Load (0.2ms)[0m  [1m[34mSELECT "schema_migrations"."version" FROM "schema_migrations" ORDER BY "schema_migrations"."version" ASC[0m
Processing by HomeController#index as HTML
  Rendering layout layouts/application.html.erb
  Rendering home/index.html.erb within layouts/application
  Rendered home/index.html.erb within layouts/application (Duration: 0.1ms | Allocations: 206)
  Rendered layout layouts/application.html.erb (Duration: 49.6ms | Allocations: 37731)
Completed 200 OK in 55ms (Views: 51.5ms | ActiveRecord: 0.0ms | Allocations: 42070)


Started GET "/destinations" for 127.0.0.1 at 2024-03-11 20:01:20 -0400
Processing by DestinationsController#index as HTML
  Rendering layout layouts/application.html.erb
  Rendering destinations/index.html.erb within layouts/application
  [1m[36mDestination Load (0.1ms)[0m  [1m[34mSELECT "destinations".* FROM "destinations"[0m
  ↳ app/views/destinations/index.html.erb:7:in `map'
  Rendered destinations/index.html.erb within layouts/application (Duration: 32.9ms | Allocations: 18426)
  Rendered layout layouts/application.html.erb (Duration: 34.9ms | Allocations: 20268)
Completed 200 OK in 38ms (Views: 34.0ms | ActiveRecord: 2.1ms | Allocations: 20844)


Started GET "/destinations?destination_id=1&commit=Search" for 127.0.0.1 at 2024-03-11 20:01:23 -0400
Processing by DestinationsController#index as HTML
  Parameters: {"destination_id"=>"1", "commit"=>"Search"}
  [1m[36mDestination Load (0.4ms)[0m  [1m[34mSELECT "destinations".* FROM "destinations" WHERE "destinations"."id" = ? LIMIT ?[0m  [["id", 1], ["LIMIT", 1]]
  ↳ app/controllers/destinations_controller.rb:5:in `index'
  Rendering layout layouts/application.html.erb
  Rendering destinations/index.html.erb within layouts/application
  [1m[36mDestination Load (0.1ms)[0m  [1m[34mSELECT "destinations".* FROM "destinations"[0m
  ↳ app/views/destinations/index.html.erb:7:in `map'
  Rendered destinations/index.html.erb within layouts/application (Duration: 2.3ms | Allocations: 2062)
  Rendered layout layouts/application.html.erb (Duration: 5.2ms | Allocations: 3892)
Completed 200 OK in 15ms (Views: 5.9ms | ActiveRecord: 0.5ms | Allocations: 7016)


Started GET "/destinations?destination_id=12&commit=Search" for 127.0.0.1 at 2024-03-11 20:01:36 -0400
Processing by DestinationsController#index as HTML
  Parameters: {"destination_id"=>"12", "commit"=>"Search"}
  [1m[36mDestination Load (0.4ms)[0m  [1m[34mSELECT "destinations".* FROM "destinations" WHERE "destinations"."id" = ? LIMIT ?[0m  [["id", 12], ["LIMIT", 1]]
  ↳ app/controllers/destinations_controller.rb:5:in `index'
  Rendering layout layouts/application.html.erb
  Rendering destinations/index.html.erb within layouts/application
  [1m[36mDestination Load (0.2ms)[0m  [1m[34mSELECT "destinations".* FROM "destinations"[0m
  ↳ app/views/destinations/index.html.erb:7:in `map'
  Rendered destinations/index.html.erb within layouts/application (Duration: 4.3ms | Allocations: 2071)
  Rendered layout layouts/application.html.erb (Duration: 8.2ms | Allocations: 3696)
Completed 200 OK in 13ms (Views: 8.8ms | ActiveRecord: 0.5ms | Allocations: 4497)


Started GET "/" for 127.0.0.1 at 2024-03-11 20:20:29 -0400
  [1m[36mActiveRecord::SchemaMigration Load (0.3ms)[0m  [1m[34mSELECT "schema_migrations"."version" FROM "schema_migrations" ORDER BY "schema_migrations"."version" ASC[0m
Processing by HomeController#index as HTML
  Rendering layout layouts/application.html.erb
  Rendering home/index.html.erb within layouts/application
  Rendered home/index.html.erb within layouts/application (Duration: 12.3ms | Allocations: 5142)
  Rendered layout layouts/application.html.erb (Duration: 12.4ms | Allocations: 5273)
Completed 500 Internal Server Error in 18ms (ActiveRecord: 0.0ms | Allocations: 9539)


  
ActionView::Template::Error (undefined local variable or method `new_user_registration_path' for #<ActionView::Base:0x0000000000b748>

'.freeze; @output_buffer.append=( link_to 'Sign Up', new_user_registration_path, class: 'btn btn-primary' ); @output_buffer.safe_append='
                                                     ^^^^^^^^^^^^^^^^^^^^^^^^^^):
    2: 
    3: <h1>Welcome to Friend2Fly</h1>
    4: 
    5: <%= link_to 'Sign Up', new_user_registration_path, class: 'btn btn-primary' %>
    6: 
    7: <p>Discover your next adventure with us! Explore destinations, find travel guides, and share your experiences.</p>
    8: 
  
app/views/home/index.html.erb:5
Started GET "/" for 127.0.0.1 at 2024-03-11 20:22:54 -0400
  [1m[36mActiveRecord::SchemaMigration Load (0.2ms)[0m  [1m[34mSELECT "schema_migrations"."version" FROM "schema_migrations" ORDER BY "schema_migrations"."version" ASC[0m
Processing by HomeController#index as HTML
  Rendering layout layouts/application.html.erb
  Rendering home/index.html.erb within layouts/application
  Rendered home/index.html.erb within layouts/application (Duration: 12.5ms | Allocations: 5142)
  Rendered layout layouts/application.html.erb (Duration: 12.6ms | Allocations: 5273)
Completed 500 Internal Server Error in 18ms (ActiveRecord: 0.0ms | Allocations: 9537)


  
ActionView::Template::Error (undefined local variable or method `new_user_registration_path' for #<ActionView::Base:0x0000000000b748>

'.freeze; @output_buffer.append=( link_to 'Sign Up', new_user_registration_path, class: 'btn btn-primary' ); @output_buffer.safe_append='
                                                     ^^^^^^^^^^^^^^^^^^^^^^^^^^):
    2: 
    3: <h1>Welcome to Friend2Fly</h1>
    4: 
    5: <%= link_to 'Sign Up', new_user_registration_path, class: 'btn btn-primary' %>
    6: 
    7: <p>Discover your next adventure with us! Explore destinations, find travel guides, and share your experiences.</p>
    8: 
  
app/views/home/index.html.erb:5
  [1m[36mActiveRecord::InternalMetadata Load (0.2ms)[0m  [1m[34mSELECT * FROM "ar_internal_metadata" WHERE "ar_internal_metadata"."key" = ? ORDER BY "ar_internal_metadata"."key" ASC LIMIT 1[0m  [[nil, "environment"]]
  [1m[36mActiveRecord::SchemaMigration Load (0.0ms)[0m  [1m[34mSELECT "schema_migrations"."version" FROM "schema_migrations" ORDER BY "schema_migrations"."version" ASC[0m
Migrating to DeviseCreateUsers (20240312002532)
  [1m[36mTRANSACTION (0.0ms)[0m  [1m[36mbegin transaction[0m
  [1m[35m (0.5ms)[0m  [1m[35mCREATE TABLE "users" ("id" integer PRIMARY KEY AUTOINCREMENT NOT NULL, "email" varchar DEFAULT '' NOT NULL, "encrypted_password" varchar DEFAULT '' NOT NULL, "reset_password_token" varchar, "reset_password_sent_at" datetime(6), "remember_created_at" datetime(6), "created_at" datetime(6) NOT NULL, "updated_at" datetime(6) NOT NULL)[0m
  [1m[35m (0.1ms)[0m  [1m[35mCREATE UNIQUE INDEX "index_users_on_email" ON "users" ("email")[0m
  [1m[35m (0.0ms)[0m  [1m[35mCREATE UNIQUE INDEX "index_users_on_reset_password_token" ON "users" ("reset_password_token")[0m
  [1m[36mActiveRecord::SchemaMigration Create (0.1ms)[0m  [1m[32mINSERT INTO "schema_migrations" ("version") VALUES ('20240312002532') RETURNING "version"[0m
  [1m[36mTRANSACTION (0.2ms)[0m  [1m[36mcommit transaction[0m
  [1m[36mActiveRecord::SchemaMigration Load (0.0ms)[0m  [1m[34mSELECT "schema_migrations"."version" FROM "schema_migrations" ORDER BY "schema_migrations"."version" ASC[0m
Started GET "/" for 127.0.0.1 at 2024-03-11 20:29:38 -0400
  [1m[36mActiveRecord::SchemaMigration Load (0.1ms)[0m  [1m[34mSELECT "schema_migrations"."version" FROM "schema_migrations" ORDER BY "schema_migrations"."version" ASC[0m
Processing by HomeController#index as HTML
  Rendering layout layouts/application.html.erb
  Rendering home/index.html.erb within layouts/application
  Rendered home/index.html.erb within layouts/application (Duration: 0.3ms | Allocations: 411)
  Rendered layout layouts/application.html.erb (Duration: 715.8ms | Allocations: 106819)
Completed 200 OK in 723ms (Views: 717.9ms | ActiveRecord: 0.0ms | Allocations: 112267)


Started GET "/users/sign_up" for 127.0.0.1 at 2024-03-11 20:29:41 -0400
Processing by Devise::RegistrationsController#new as HTML
  Rendering layout layouts/application.html.erb
  Rendering /Users/pablolizardi/.rbenv/versions/3.1.2/lib/ruby/gems/3.1.0/gems/devise-4.9.3/app/views/devise/registrations/new.html.erb within layouts/application
  Rendered /Users/pablolizardi/.rbenv/versions/3.1.2/lib/ruby/gems/3.1.0/gems/devise-4.9.3/app/views/devise/shared/_error_messages.html.erb (Duration: 0.3ms | Allocations: 244)
  Rendered /Users/pablolizardi/.rbenv/versions/3.1.2/lib/ruby/gems/3.1.0/gems/devise-4.9.3/app/views/devise/shared/_links.html.erb (Duration: 0.5ms | Allocations: 559)
  Rendered /Users/pablolizardi/.rbenv/versions/3.1.2/lib/ruby/gems/3.1.0/gems/devise-4.9.3/app/views/devise/registrations/new.html.erb within layouts/application (Duration: 9.8ms | Allocations: 4142)
  Rendered layout layouts/application.html.erb (Duration: 11.2ms | Allocations: 5582)
Completed 200 OK in 34ms (Views: 13.6ms | ActiveRecord: 2.7ms | Allocations: 20725)


Started GET "/users/sign_in" for 127.0.0.1 at 2024-03-11 20:29:46 -0400
Processing by Devise::SessionsController#new as HTML
  Rendering layout layouts/application.html.erb
  Rendering /Users/pablolizardi/.rbenv/versions/3.1.2/lib/ruby/gems/3.1.0/gems/devise-4.9.3/app/views/devise/sessions/new.html.erb within layouts/application
  Rendered /Users/pablolizardi/.rbenv/versions/3.1.2/lib/ruby/gems/3.1.0/gems/devise-4.9.3/app/views/devise/shared/_links.html.erb (Duration: 0.2ms | Allocations: 159)
  Rendered /Users/pablolizardi/.rbenv/versions/3.1.2/lib/ruby/gems/3.1.0/gems/devise-4.9.3/app/views/devise/sessions/new.html.erb within layouts/application (Duration: 5.4ms | Allocations: 1931)
  Rendered layout layouts/application.html.erb (Duration: 7.1ms | Allocations: 3301)
Completed 200 OK in 14ms (Views: 8.6ms | ActiveRecord: 0.0ms | Allocations: 5175)


Started GET "/users/sign_up" for 127.0.0.1 at 2024-03-11 20:29:53 -0400
Processing by Devise::RegistrationsController#new as HTML
  Rendering layout layouts/application.html.erb
  Rendering /Users/pablolizardi/.rbenv/versions/3.1.2/lib/ruby/gems/3.1.0/gems/devise-4.9.3/app/views/devise/registrations/new.html.erb within layouts/application
  Rendered /Users/pablolizardi/.rbenv/versions/3.1.2/lib/ruby/gems/3.1.0/gems/devise-4.9.3/app/views/devise/shared/_error_messages.html.erb (Duration: 0.1ms | Allocations: 14)
  Rendered /Users/pablolizardi/.rbenv/versions/3.1.2/lib/ruby/gems/3.1.0/gems/devise-4.9.3/app/views/devise/shared/_links.html.erb (Duration: 0.2ms | Allocations: 72)
  Rendered /Users/pablolizardi/.rbenv/versions/3.1.2/lib/ruby/gems/3.1.0/gems/devise-4.9.3/app/views/devise/registrations/new.html.erb within layouts/application (Duration: 3.4ms | Allocations: 934)
  Rendered layout layouts/application.html.erb (Duration: 6.3ms | Allocations: 2192)
Completed 200 OK in 11ms (Views: 8.0ms | ActiveRecord: 0.0ms | Allocations: 3098)


Started GET "/users/sign_up" for 127.0.0.1 at 2024-03-11 20:31:11 -0400
Processing by Devise::RegistrationsController#new as HTML
  Rendering layout layouts/application.html.erb
  Rendering /Users/pablolizardi/.rbenv/versions/3.1.2/lib/ruby/gems/3.1.0/gems/devise-4.9.3/app/views/devise/registrations/new.html.erb within layouts/application
  Rendered /Users/pablolizardi/.rbenv/versions/3.1.2/lib/ruby/gems/3.1.0/gems/devise-4.9.3/app/views/devise/shared/_error_messages.html.erb (Duration: 0.1ms | Allocations: 13)
  Rendered /Users/pablolizardi/.rbenv/versions/3.1.2/lib/ruby/gems/3.1.0/gems/devise-4.9.3/app/views/devise/shared/_links.html.erb (Duration: 0.3ms | Allocations: 72)
  Rendered /Users/pablolizardi/.rbenv/versions/3.1.2/lib/ruby/gems/3.1.0/gems/devise-4.9.3/app/views/devise/registrations/new.html.erb within layouts/application (Duration: 4.1ms | Allocations: 920)
  Rendered layout layouts/application.html.erb (Duration: 8.0ms | Allocations: 2175)
Completed 200 OK in 13ms (Views: 9.1ms | ActiveRecord: 0.0ms | Allocations: 2940)


Started GET "/users/sign_in" for 127.0.0.1 at 2024-03-11 20:31:49 -0400
Processing by Devise::SessionsController#new as HTML
  Rendering layout layouts/application.html.erb
  Rendering /Users/pablolizardi/.rbenv/versions/3.1.2/lib/ruby/gems/3.1.0/gems/devise-4.9.3/app/views/devise/sessions/new.html.erb within layouts/application
  Rendered /Users/pablolizardi/.rbenv/versions/3.1.2/lib/ruby/gems/3.1.0/gems/devise-4.9.3/app/views/devise/shared/_links.html.erb (Duration: 0.4ms | Allocations: 119)
  Rendered /Users/pablolizardi/.rbenv/versions/3.1.2/lib/ruby/gems/3.1.0/gems/devise-4.9.3/app/views/devise/sessions/new.html.erb within layouts/application (Duration: 2.2ms | Allocations: 906)
  Rendered layout layouts/application.html.erb (Duration: 5.3ms | Allocations: 2160)
Completed 200 OK in 9ms (Views: 6.0ms | ActiveRecord: 0.0ms | Allocations: 2981)


Started GET "/users/sign_in" for 127.0.0.1 at 2024-03-11 20:31:50 -0400
Processing by Devise::SessionsController#new as HTML
  Rendering layout layouts/application.html.erb
  Rendering /Users/pablolizardi/.rbenv/versions/3.1.2/lib/ruby/gems/3.1.0/gems/devise-4.9.3/app/views/devise/sessions/new.html.erb within layouts/application
  Rendered /Users/pablolizardi/.rbenv/versions/3.1.2/lib/ruby/gems/3.1.0/gems/devise-4.9.3/app/views/devise/shared/_links.html.erb (Duration: 0.2ms | Allocations: 119)
  Rendered /Users/pablolizardi/.rbenv/versions/3.1.2/lib/ruby/gems/3.1.0/gems/devise-4.9.3/app/views/devise/sessions/new.html.erb within layouts/application (Duration: 2.6ms | Allocations: 906)
  Rendered layout layouts/application.html.erb (Duration: 5.8ms | Allocations: 2158)
Completed 200 OK in 9ms (Views: 6.6ms | ActiveRecord: 0.0ms | Allocations: 2973)


Started GET "/users/password/new" for 127.0.0.1 at 2024-03-11 20:31:50 -0400
Processing by Devise::PasswordsController#new as HTML
  Rendering layout layouts/application.html.erb
  Rendering /Users/pablolizardi/.rbenv/versions/3.1.2/lib/ruby/gems/3.1.0/gems/devise-4.9.3/app/views/devise/passwords/new.html.erb within layouts/application
  Rendered /Users/pablolizardi/.rbenv/versions/3.1.2/lib/ruby/gems/3.1.0/gems/devise-4.9.3/app/views/devise/shared/_error_messages.html.erb (Duration: 0.0ms | Allocations: 16)
  Rendered /Users/pablolizardi/.rbenv/versions/3.1.2/lib/ruby/gems/3.1.0/gems/devise-4.9.3/app/views/devise/shared/_links.html.erb (Duration: 0.1ms | Allocations: 125)
  Rendered /Users/pablolizardi/.rbenv/versions/3.1.2/lib/ruby/gems/3.1.0/gems/devise-4.9.3/app/views/devise/passwords/new.html.erb within layouts/application (Duration: 2.1ms | Allocations: 1009)
  Rendered layout layouts/application.html.erb (Duration: 3.7ms | Allocations: 2375)
Completed 200 OK in 6ms (Views: 4.5ms | ActiveRecord: 0.0ms | Allocations: 3653)


Started GET "/users/password/new" for 127.0.0.1 at 2024-03-11 20:31:54 -0400
Processing by Devise::PasswordsController#new as HTML
  Rendering layout layouts/application.html.erb
  Rendering /Users/pablolizardi/.rbenv/versions/3.1.2/lib/ruby/gems/3.1.0/gems/devise-4.9.3/app/views/devise/passwords/new.html.erb within layouts/application
  Rendered /Users/pablolizardi/.rbenv/versions/3.1.2/lib/ruby/gems/3.1.0/gems/devise-4.9.3/app/views/devise/shared/_error_messages.html.erb (Duration: 0.1ms | Allocations: 13)
  Rendered /Users/pablolizardi/.rbenv/versions/3.1.2/lib/ruby/gems/3.1.0/gems/devise-4.9.3/app/views/devise/shared/_links.html.erb (Duration: 0.2ms | Allocations: 116)
  Rendered /Users/pablolizardi/.rbenv/versions/3.1.2/lib/ruby/gems/3.1.0/gems/devise-4.9.3/app/views/devise/passwords/new.html.erb within layouts/application (Duration: 3.0ms | Allocations: 617)
  Rendered layout layouts/application.html.erb (Duration: 5.9ms | Allocations: 1872)
Completed 200 OK in 9ms (Views: 6.8ms | ActiveRecord: 0.0ms | Allocations: 2620)


Started GET "/users/password/new" for 127.0.0.1 at 2024-03-11 20:31:55 -0400
Processing by Devise::PasswordsController#new as HTML
  Rendering layout layouts/application.html.erb
  Rendering /Users/pablolizardi/.rbenv/versions/3.1.2/lib/ruby/gems/3.1.0/gems/devise-4.9.3/app/views/devise/passwords/new.html.erb within layouts/application
  Rendered /Users/pablolizardi/.rbenv/versions/3.1.2/lib/ruby/gems/3.1.0/gems/devise-4.9.3/app/views/devise/shared/_error_messages.html.erb (Duration: 0.0ms | Allocations: 13)
  Rendered /Users/pablolizardi/.rbenv/versions/3.1.2/lib/ruby/gems/3.1.0/gems/devise-4.9.3/app/views/devise/shared/_links.html.erb (Duration: 0.2ms | Allocations: 116)
  Rendered /Users/pablolizardi/.rbenv/versions/3.1.2/lib/ruby/gems/3.1.0/gems/devise-4.9.3/app/views/devise/passwords/new.html.erb within layouts/application (Duration: 2.4ms | Allocations: 617)
  Rendered layout layouts/application.html.erb (Duration: 5.2ms | Allocations: 1872)
Completed 200 OK in 8ms (Views: 6.0ms | ActiveRecord: 0.0ms | Allocations: 2623)


Started GET "/users/sign_up" for 127.0.0.1 at 2024-03-11 20:31:56 -0400
Processing by Devise::RegistrationsController#new as HTML
  Rendering layout layouts/application.html.erb
  Rendering /Users/pablolizardi/.rbenv/versions/3.1.2/lib/ruby/gems/3.1.0/gems/devise-4.9.3/app/views/devise/registrations/new.html.erb within layouts/application
  Rendered /Users/pablolizardi/.rbenv/versions/3.1.2/lib/ruby/gems/3.1.0/gems/devise-4.9.3/app/views/devise/shared/_error_messages.html.erb (Duration: 0.0ms | Allocations: 13)
  Rendered /Users/pablolizardi/.rbenv/versions/3.1.2/lib/ruby/gems/3.1.0/gems/devise-4.9.3/app/views/devise/shared/_links.html.erb (Duration: 0.3ms | Allocations: 72)
  Rendered /Users/pablolizardi/.rbenv/versions/3.1.2/lib/ruby/gems/3.1.0/gems/devise-4.9.3/app/views/devise/registrations/new.html.erb within layouts/application (Duration: 2.7ms | Allocations: 922)
  Rendered layout layouts/application.html.erb (Duration: 4.7ms | Allocations: 2177)
Completed 200 OK in 7ms (Views: 5.5ms | ActiveRecord: 0.0ms | Allocations: 2970)


Started GET "/" for 127.0.0.1 at 2024-03-12 18:35:58 -0400
  [1m[36mActiveRecord::SchemaMigration Load (0.2ms)[0m  [1m[34mSELECT "schema_migrations"."version" FROM "schema_migrations" ORDER BY "schema_migrations"."version" ASC[0m
Processing by HomeController#index as HTML
  Rendering layout layouts/application.html.erb
  Rendering home/index.html.erb within layouts/application
  Rendered home/index.html.erb within layouts/application (Duration: 0.3ms | Allocations: 411)
  Rendered layout layouts/application.html.erb (Duration: 37.3ms | Allocations: 39632)
Completed 200 OK in 44ms (Views: 39.5ms | ActiveRecord: 0.0ms | Allocations: 44235)


Started GET "/users/sign_up" for 127.0.0.1 at 2024-03-12 18:36:00 -0400
Processing by Devise::RegistrationsController#new as HTML
  Rendering layout layouts/application.html.erb
  Rendering /Users/pablolizardi/.rbenv/versions/3.1.2/lib/ruby/gems/3.1.0/gems/devise-4.9.3/app/views/devise/registrations/new.html.erb within layouts/application
  Rendered /Users/pablolizardi/.rbenv/versions/3.1.2/lib/ruby/gems/3.1.0/gems/devise-4.9.3/app/views/devise/shared/_error_messages.html.erb (Duration: 0.6ms | Allocations: 244)
  Rendered /Users/pablolizardi/.rbenv/versions/3.1.2/lib/ruby/gems/3.1.0/gems/devise-4.9.3/app/views/devise/shared/_links.html.erb (Duration: 0.6ms | Allocations: 559)
  Rendered /Users/pablolizardi/.rbenv/versions/3.1.2/lib/ruby/gems/3.1.0/gems/devise-4.9.3/app/views/devise/registrations/new.html.erb within layouts/application (Duration: 9.1ms | Allocations: 3853)
  Rendered layout layouts/application.html.erb (Duration: 10.4ms | Allocations: 5293)
Completed 200 OK in 35ms (Views: 12.8ms | ActiveRecord: 2.9ms | Allocations: 20417)


Started GET "/users/sign_up" for 127.0.0.1 at 2024-03-12 18:36:01 -0400
Processing by Devise::RegistrationsController#new as HTML
  Rendering layout layouts/application.html.erb
  Rendering /Users/pablolizardi/.rbenv/versions/3.1.2/lib/ruby/gems/3.1.0/gems/devise-4.9.3/app/views/devise/registrations/new.html.erb within layouts/application
  Rendered /Users/pablolizardi/.rbenv/versions/3.1.2/lib/ruby/gems/3.1.0/gems/devise-4.9.3/app/views/devise/shared/_error_messages.html.erb (Duration: 0.0ms | Allocations: 14)
  Rendered /Users/pablolizardi/.rbenv/versions/3.1.2/lib/ruby/gems/3.1.0/gems/devise-4.9.3/app/views/devise/shared/_links.html.erb (Duration: 0.2ms | Allocations: 72)
  Rendered /Users/pablolizardi/.rbenv/versions/3.1.2/lib/ruby/gems/3.1.0/gems/devise-4.9.3/app/views/devise/registrations/new.html.erb within layouts/application (Duration: 2.3ms | Allocations: 933)
  Rendered layout layouts/application.html.erb (Duration: 5.6ms | Allocations: 2189)
Completed 200 OK in 25ms (Views: 22.3ms | ActiveRecord: 0.0ms | Allocations: 3088)


Started GET "/destinations" for 127.0.0.1 at 2024-03-12 18:36:04 -0400
Processing by DestinationsController#index as HTML
  Rendering layout layouts/application.html.erb
  Rendering destinations/index.html.erb within layouts/application
  [1m[36mDestination Load (0.6ms)[0m  [1m[34mSELECT "destinations".* FROM "destinations"[0m
  ↳ app/views/destinations/index.html.erb:7:in `map'
  Rendered destinations/index.html.erb within layouts/application (Duration: 28.0ms | Allocations: 9021)
  Rendered layout layouts/application.html.erb (Duration: 36.2ms | Allocations: 10874)
Completed 200 OK in 39ms (Views: 36.6ms | ActiveRecord: 0.8ms | Allocations: 11464)


Started GET "/destinations?destination_id=2&commit=Search" for 127.0.0.1 at 2024-03-12 18:36:19 -0400
Processing by DestinationsController#index as HTML
  Parameters: {"destination_id"=>"2", "commit"=>"Search"}
  [1m[36mDestination Load (0.2ms)[0m  [1m[34mSELECT "destinations".* FROM "destinations" WHERE "destinations"."id" = ? LIMIT ?[0m  [["id", 2], ["LIMIT", 1]]
  ↳ app/controllers/destinations_controller.rb:5:in `index'
  Rendering layout layouts/application.html.erb
  Rendering destinations/index.html.erb within layouts/application
  [1m[36mDestination Load (0.1ms)[0m  [1m[34mSELECT "destinations".* FROM "destinations"[0m
  ↳ app/views/destinations/index.html.erb:7:in `map'
  Rendered destinations/index.html.erb within layouts/application (Duration: 1.0ms | Allocations: 2082)
  Rendered layout layouts/application.html.erb (Duration: 14.7ms | Allocations: 3922)
Completed 200 OK in 41ms (Views: 15.0ms | ActiveRecord: 0.2ms | Allocations: 6811)


Started GET "/users/sign_up" for 127.0.0.1 at 2024-03-12 18:37:00 -0400
Processing by Devise::RegistrationsController#new as HTML
  Rendering layout layouts/application.html.erb
  Rendering /Users/pablolizardi/.rbenv/versions/3.1.2/lib/ruby/gems/3.1.0/gems/devise-4.9.3/app/views/devise/registrations/new.html.erb within layouts/application
  Rendered /Users/pablolizardi/.rbenv/versions/3.1.2/lib/ruby/gems/3.1.0/gems/devise-4.9.3/app/views/devise/shared/_error_messages.html.erb (Duration: 0.1ms | Allocations: 14)
  Rendered /Users/pablolizardi/.rbenv/versions/3.1.2/lib/ruby/gems/3.1.0/gems/devise-4.9.3/app/views/devise/shared/_links.html.erb (Duration: 0.2ms | Allocations: 73)
  Rendered /Users/pablolizardi/.rbenv/versions/3.1.2/lib/ruby/gems/3.1.0/gems/devise-4.9.3/app/views/devise/registrations/new.html.erb within layouts/application (Duration: 4.7ms | Allocations: 980)
  Rendered layout layouts/application.html.erb (Duration: 13.2ms | Allocations: 2237)
Completed 200 OK in 29ms (Views: 14.8ms | ActiveRecord: 0.0ms | Allocations: 3053)


  [1m[36mUser Exists? (0.4ms)[0m  [1m[34mSELECT 1 AS one FROM "users" LIMIT ?[0m  [["LIMIT", 1]]
  [1m[36mActiveRecord::SchemaMigration Load (0.2ms)[0m  [1m[34mSELECT "schema_migrations"."version" FROM "schema_migrations" ORDER BY "schema_migrations"."version" ASC[0m
Started GET "/users/sign_up" for 127.0.0.1 at 2024-03-12 19:08:42 -0400
  [1m[36mActiveRecord::SchemaMigration Load (0.3ms)[0m  [1m[34mSELECT "schema_migrations"."version" FROM "schema_migrations" ORDER BY "schema_migrations"."version" ASC[0m
Processing by Devise::RegistrationsController#new as HTML
  Rendering layout layouts/application.html.erb
  Rendering devise/registrations/new.html.erb within layouts/application
  Rendered devise/shared/_error_messages.html.erb (Duration: 0.1ms | Allocations: 248)
  Rendered devise/shared/_links.html.erb (Duration: 0.3ms | Allocations: 559)
  Rendered devise/registrations/new.html.erb within layouts/application (Duration: 3.9ms | Allocations: 4006)
  Rendered layout layouts/application.html.erb (Duration: 32.6ms | Allocations: 41818)
Completed 200 OK in 69ms (Views: 43.8ms | ActiveRecord: 1.1ms | Allocations: 61621)


Started GET "/users/sign_in" for 127.0.0.1 at 2024-03-12 19:08:48 -0400
Processing by Devise::SessionsController#new as HTML
  Rendering layout layouts/application.html.erb
  Rendering devise/sessions/new.html.erb within layouts/application
  Rendered devise/shared/_links.html.erb (Duration: 0.3ms | Allocations: 159)
  Rendered devise/sessions/new.html.erb within layouts/application (Duration: 7.1ms | Allocations: 1737)
  Rendered layout layouts/application.html.erb (Duration: 10.5ms | Allocations: 3206)
Completed 200 OK in 16ms (Views: 12.4ms | ActiveRecord: 0.0ms | Allocations: 4804)


Started GET "/users/sign_in" for 127.0.0.1 at 2024-03-12 19:08:49 -0400
Processing by Devise::SessionsController#new as HTML
  Rendering layout layouts/application.html.erb
  Rendering devise/sessions/new.html.erb within layouts/application
  Rendered devise/shared/_links.html.erb (Duration: 0.2ms | Allocations: 119)
  Rendered devise/sessions/new.html.erb within layouts/application (Duration: 3.4ms | Allocations: 922)
  Rendered layout layouts/application.html.erb (Duration: 6.0ms | Allocations: 2263)
Completed 200 OK in 9ms (Views: 6.9ms | ActiveRecord: 0.0ms | Allocations: 3210)


Started GET "/destinations?destination_id=12&commit=Search" for 127.0.0.1 at 2024-03-12 19:09:17 -0400
Processing by DestinationsController#index as HTML
  Parameters: {"destination_id"=>"12", "commit"=>"Search"}
  [1m[36mDestination Load (0.1ms)[0m  [1m[34mSELECT "destinations".* FROM "destinations" WHERE "destinations"."id" = ? LIMIT ?[0m  [["id", 12], ["LIMIT", 1]]
  ↳ app/controllers/destinations_controller.rb:5:in `index'
  Rendering layout layouts/application.html.erb
  Rendering destinations/index.html.erb within layouts/application
  [1m[36mDestination Load (0.1ms)[0m  [1m[34mSELECT "destinations".* FROM "destinations"[0m
  ↳ app/views/destinations/index.html.erb:7:in `map'
  Rendered destinations/index.html.erb within layouts/application (Duration: 19.7ms | Allocations: 2897)
  Rendered layout layouts/application.html.erb (Duration: 21.4ms | Allocations: 4944)
Completed 200 OK in 71ms (Views: 23.7ms | ActiveRecord: 0.7ms | Allocations: 14467)


Started GET "/destinations?destination_id=1&commit=Search" for 127.0.0.1 at 2024-03-12 19:09:21 -0400
Processing by DestinationsController#index as HTML
  Parameters: {"destination_id"=>"1", "commit"=>"Search"}
  [1m[36mDestination Load (0.2ms)[0m  [1m[34mSELECT "destinations".* FROM "destinations" WHERE "destinations"."id" = ? LIMIT ?[0m  [["id", 1], ["LIMIT", 1]]
  ↳ app/controllers/destinations_controller.rb:5:in `index'
  Rendering layout layouts/application.html.erb
  Rendering destinations/index.html.erb within layouts/application
  [1m[36mDestination Load (0.1ms)[0m  [1m[34mSELECT "destinations".* FROM "destinations"[0m
  ↳ app/views/destinations/index.html.erb:7:in `map'
  Rendered destinations/index.html.erb within layouts/application (Duration: 2.7ms | Allocations: 2131)
  Rendered layout layouts/application.html.erb (Duration: 6.6ms | Allocations: 3857)
Completed 200 OK in 10ms (Views: 7.2ms | ActiveRecord: 0.3ms | Allocations: 4744)


Started GET "/destinations" for 127.0.0.1 at 2024-03-12 19:09:22 -0400
Processing by DestinationsController#index as HTML
  Rendering layout layouts/application.html.erb
  Rendering destinations/index.html.erb within layouts/application
  [1m[36mDestination Load (0.3ms)[0m  [1m[34mSELECT "destinations".* FROM "destinations"[0m
  ↳ app/views/destinations/index.html.erb:7:in `map'
  Rendered destinations/index.html.erb within layouts/application (Duration: 4.5ms | Allocations: 2096)
  Rendered layout layouts/application.html.erb (Duration: 8.4ms | Allocations: 3794)
Completed 200 OK in 10ms (Views: 8.9ms | ActiveRecord: 0.3ms | Allocations: 4057)


Started GET "/" for 127.0.0.1 at 2024-03-12 19:09:25 -0400
Processing by HomeController#index as HTML
  Rendering layout layouts/application.html.erb
  Rendering home/index.html.erb within layouts/application
  Rendered home/index.html.erb within layouts/application (Duration: 1.0ms | Allocations: 224)
  Rendered layout layouts/application.html.erb (Duration: 4.7ms | Allocations: 2163)
Completed 200 OK in 8ms (Views: 6.5ms | ActiveRecord: 0.0ms | Allocations: 2730)


Started GET "/users/sign_up" for 127.0.0.1 at 2024-03-12 19:09:26 -0400
Processing by Devise::RegistrationsController#new as HTML
  Rendering layout layouts/application.html.erb
  Rendering devise/registrations/new.html.erb within layouts/application
  Rendered devise/shared/_error_messages.html.erb (Duration: 0.1ms | Allocations: 14)
  Rendered devise/shared/_links.html.erb (Duration: 0.2ms | Allocations: 73)
  Rendered devise/registrations/new.html.erb within layouts/application (Duration: 7.4ms | Allocations: 1004)
  Rendered layout layouts/application.html.erb (Duration: 9.7ms | Allocations: 2348)
Completed 200 OK in 14ms (Views: 11.1ms | ActiveRecord: 0.0ms | Allocations: 3166)


Started GET "/users/sign_in" for 127.0.0.1 at 2024-03-12 19:09:27 -0400
Processing by Devise::SessionsController#new as HTML
  Rendering layout layouts/application.html.erb
  Rendering devise/sessions/new.html.erb within layouts/application
  Rendered devise/shared/_links.html.erb (Duration: 0.2ms | Allocations: 121)
  Rendered devise/sessions/new.html.erb within layouts/application (Duration: 2.3ms | Allocations: 916)
  Rendered layout layouts/application.html.erb (Duration: 5.8ms | Allocations: 2256)
Completed 200 OK in 9ms (Views: 6.6ms | ActiveRecord: 0.0ms | Allocations: 3087)


Started GET "/users/sign_in" for 127.0.0.1 at 2024-03-12 19:09:32 -0400
Processing by Devise::SessionsController#new as HTML
  Rendering layout layouts/application.html.erb
  Rendering devise/sessions/new.html.erb within layouts/application
  Rendered devise/shared/_links.html.erb (Duration: 0.3ms | Allocations: 119)
  Rendered devise/sessions/new.html.erb within layouts/application (Duration: 2.6ms | Allocations: 909)
  Rendered layout layouts/application.html.erb (Duration: 6.5ms | Allocations: 2249)
Completed 200 OK in 9ms (Views: 7.4ms | ActiveRecord: 0.0ms | Allocations: 3081)


Started GET "/users/sign_up" for 127.0.0.1 at 2024-03-12 19:09:33 -0400
Processing by Devise::RegistrationsController#new as HTML
  Rendering layout layouts/application.html.erb
  Rendering devise/registrations/new.html.erb within layouts/application
  Rendered devise/shared/_error_messages.html.erb (Duration: 0.0ms | Allocations: 13)
  Rendered devise/shared/_links.html.erb (Duration: 0.2ms | Allocations: 72)
  Rendered devise/registrations/new.html.erb within layouts/application (Duration: 2.6ms | Allocations: 926)
  Rendered layout layouts/application.html.erb (Duration: 5.6ms | Allocations: 2270)
Completed 200 OK in 9ms (Views: 6.4ms | ActiveRecord: 0.0ms | Allocations: 3034)


Started GET "/users/sign_in" for 127.0.0.1 at 2024-03-12 19:09:55 -0400
Processing by Devise::SessionsController#new as HTML
  Rendering layout layouts/application.html.erb
  Rendering devise/sessions/new.html.erb within layouts/application
  Rendered devise/shared/_links.html.erb (Duration: 0.1ms | Allocations: 119)
  Rendered devise/sessions/new.html.erb within layouts/application (Duration: 1.3ms | Allocations: 909)
  Rendered layout layouts/application.html.erb (Duration: 3.4ms | Allocations: 2249)
Completed 200 OK in 5ms (Views: 3.8ms | ActiveRecord: 0.0ms | Allocations: 3057)


Started GET "/users/sign_in" for 127.0.0.1 at 2024-03-12 19:09:59 -0400
Processing by Devise::SessionsController#new as HTML
  Rendering layout layouts/application.html.erb
  Rendering devise/sessions/new.html.erb within layouts/application
  Rendered devise/shared/_links.html.erb (Duration: 0.2ms | Allocations: 119)
  Rendered devise/sessions/new.html.erb within layouts/application (Duration: 2.7ms | Allocations: 909)
  Rendered layout layouts/application.html.erb (Duration: 5.6ms | Allocations: 2249)
Completed 200 OK in 8ms (Views: 6.4ms | ActiveRecord: 0.0ms | Allocations: 3063)


Started GET "/users/password/new" for 127.0.0.1 at 2024-03-12 19:09:59 -0400
Processing by Devise::PasswordsController#new as HTML
  Rendering layout layouts/application.html.erb
  Rendering devise/passwords/new.html.erb within layouts/application
  Rendered devise/shared/_error_messages.html.erb (Duration: 0.0ms | Allocations: 16)
  Rendered devise/shared/_links.html.erb (Duration: 0.2ms | Allocations: 125)
  Rendered devise/passwords/new.html.erb within layouts/application (Duration: 1.9ms | Allocations: 1015)
  Rendered layout layouts/application.html.erb (Duration: 3.9ms | Allocations: 2480)
Completed 200 OK in 6ms (Views: 4.7ms | ActiveRecord: 0.0ms | Allocations: 3729)


Started GET "/users/sign_in" for 127.0.0.1 at 2024-03-12 19:10:23 -0400
Processing by Devise::SessionsController#new as HTML
  Rendering layout layouts/application.html.erb
  Rendering devise/sessions/new.html.erb within layouts/application
  Rendered devise/shared/_links.html.erb (Duration: 0.2ms | Allocations: 119)
  Rendered devise/sessions/new.html.erb within layouts/application (Duration: 3.2ms | Allocations: 914)
  Rendered layout layouts/application.html.erb (Duration: 6.2ms | Allocations: 2254)
Completed 200 OK in 10ms (Views: 7.2ms | ActiveRecord: 0.0ms | Allocations: 3083)


Started GET "/users/sign_out" for 127.0.0.1 at 2024-03-12 19:10:26 -0400
  
ActionController::RoutingError (No route matches [GET] "/users/sign_out"):
  
Started GET "/users/sign_in" for 127.0.0.1 at 2024-03-12 19:10:32 -0400
Processing by Devise::SessionsController#new as HTML
  Rendering layout layouts/application.html.erb
  Rendering devise/sessions/new.html.erb within layouts/application
  Rendered devise/shared/_links.html.erb (Duration: 2.2ms | Allocations: 120)
  Rendered devise/sessions/new.html.erb within layouts/application (Duration: 3.9ms | Allocations: 1021)
  Rendered layout layouts/application.html.erb (Duration: 6.6ms | Allocations: 2475)
Completed 200 OK in 9ms (Views: 7.3ms | ActiveRecord: 0.0ms | Allocations: 3440)


Started GET "/users/home" for 127.0.0.1 at 2024-03-12 19:10:47 -0400
  
ActionController::RoutingError (No route matches [GET] "/users/home"):
  
Started GET "/users/index" for 127.0.0.1 at 2024-03-12 19:10:55 -0400
  
ActionController::RoutingError (No route matches [GET] "/users/index"):
  
Started GET "/" for 127.0.0.1 at 2024-03-12 19:11:06 -0400
Processing by HomeController#index as HTML
  Rendering layout layouts/application.html.erb
  Rendering home/index.html.erb within layouts/application
  Rendered home/index.html.erb within layouts/application (Duration: 0.3ms | Allocations: 44)
  Rendered layout layouts/application.html.erb (Duration: 4.5ms | Allocations: 1769)
Completed 200 OK in 6ms (Views: 5.2ms | ActiveRecord: 0.0ms | Allocations: 2024)


Started GET "/users/sign_up" for 127.0.0.1 at 2024-03-12 19:11:11 -0400
Processing by Devise::RegistrationsController#new as HTML
  Rendering layout layouts/application.html.erb
  Rendering devise/registrations/new.html.erb within layouts/application
  Rendered devise/shared/_error_messages.html.erb (Duration: 0.1ms | Allocations: 13)
  Rendered devise/shared/_links.html.erb (Duration: 0.3ms | Allocations: 72)
  Rendered devise/registrations/new.html.erb within layouts/application (Duration: 4.0ms | Allocations: 926)
  Rendered layout layouts/application.html.erb (Duration: 13.7ms | Allocations: 2270)
Completed 200 OK in 19ms (Views: 15.0ms | ActiveRecord: 0.0ms | Allocations: 3039)


Started GET "/users/sign_in" for 127.0.0.1 at 2024-03-12 19:11:16 -0400
Processing by Devise::SessionsController#new as HTML
  Rendering layout layouts/application.html.erb
  Rendering devise/sessions/new.html.erb within layouts/application
  Rendered devise/shared/_links.html.erb (Duration: 0.3ms | Allocations: 119)
  Rendered devise/sessions/new.html.erb within layouts/application (Duration: 2.8ms | Allocations: 909)
  Rendered layout layouts/application.html.erb (Duration: 8.0ms | Allocations: 2249)
Completed 200 OK in 12ms (Views: 8.8ms | ActiveRecord: 0.0ms | Allocations: 3066)


Started GET "/users/sign_up" for 127.0.0.1 at 2024-03-12 19:11:16 -0400
Processing by Devise::RegistrationsController#new as HTML
  Rendering layout layouts/application.html.erb
  Rendering devise/registrations/new.html.erb within layouts/application
  Rendered devise/shared/_error_messages.html.erb (Duration: 0.0ms | Allocations: 13)
  Rendered devise/shared/_links.html.erb (Duration: 0.2ms | Allocations: 72)
  Rendered devise/registrations/new.html.erb within layouts/application (Duration: 2.7ms | Allocations: 926)
  Rendered layout layouts/application.html.erb (Duration: 6.3ms | Allocations: 2270)
Completed 200 OK in 9ms (Views: 7.1ms | ActiveRecord: 0.0ms | Allocations: 3040)


Started GET "/users/sign_in" for 127.0.0.1 at 2024-03-12 19:11:17 -0400
Processing by Devise::SessionsController#new as HTML
  Rendering layout layouts/application.html.erb
  Rendering devise/sessions/new.html.erb within layouts/application
  Rendered devise/shared/_links.html.erb (Duration: 0.3ms | Allocations: 119)
  Rendered devise/sessions/new.html.erb within layouts/application (Duration: 4.3ms | Allocations: 909)
  Rendered layout layouts/application.html.erb (Duration: 6.7ms | Allocations: 2249)
Completed 200 OK in 10ms (Views: 7.5ms | ActiveRecord: 0.0ms | Allocations: 3063)


Started GET "/users/sign_up" for 127.0.0.1 at 2024-03-12 19:11:22 -0400
Processing by Devise::RegistrationsController#new as HTML
  Rendering layout layouts/application.html.erb
  Rendering devise/registrations/new.html.erb within layouts/application
  Rendered devise/shared/_error_messages.html.erb (Duration: 0.0ms | Allocations: 13)
  Rendered devise/shared/_links.html.erb (Duration: 0.2ms | Allocations: 72)
  Rendered devise/registrations/new.html.erb within layouts/application (Duration: 4.6ms | Allocations: 926)
  Rendered layout layouts/application.html.erb (Duration: 6.8ms | Allocations: 2270)
Completed 200 OK in 10ms (Views: 7.7ms | ActiveRecord: 0.0ms | Allocations: 3025)


Started GET "/users/sign_in" for 127.0.0.1 at 2024-03-12 19:11:25 -0400
Processing by Devise::SessionsController#new as HTML
  Rendering layout layouts/application.html.erb
  Rendering devise/sessions/new.html.erb within layouts/application
  Rendered devise/shared/_links.html.erb (Duration: 0.4ms | Allocations: 119)
  Rendered devise/sessions/new.html.erb within layouts/application (Duration: 7.5ms | Allocations: 909)
  Rendered layout layouts/application.html.erb (Duration: 10.8ms | Allocations: 2249)
Completed 200 OK in 16ms (Views: 11.7ms | ActiveRecord: 0.0ms | Allocations: 3066)


Started GET "/users/sign_in" for 127.0.0.1 at 2024-03-12 19:11:28 -0400
Processing by Devise::SessionsController#new as HTML
  Rendering layout layouts/application.html.erb
  Rendering devise/sessions/new.html.erb within layouts/application
  Rendered devise/shared/_links.html.erb (Duration: 0.2ms | Allocations: 119)
  Rendered devise/sessions/new.html.erb within layouts/application (Duration: 2.0ms | Allocations: 909)
  Rendered layout layouts/application.html.erb (Duration: 4.8ms | Allocations: 2249)
Completed 200 OK in 8ms (Views: 5.9ms | ActiveRecord: 0.0ms | Allocations: 3063)


Started GET "/users/sign_up" for 127.0.0.1 at 2024-03-12 19:11:29 -0400
Processing by Devise::RegistrationsController#new as HTML
  Rendering layout layouts/application.html.erb
  Rendering devise/registrations/new.html.erb within layouts/application
  Rendered devise/shared/_error_messages.html.erb (Duration: 0.1ms | Allocations: 13)
  Rendered devise/shared/_links.html.erb (Duration: 0.2ms | Allocations: 72)
  Rendered devise/registrations/new.html.erb within layouts/application (Duration: 2.8ms | Allocations: 926)
  Rendered layout layouts/application.html.erb (Duration: 5.6ms | Allocations: 2270)
Completed 200 OK in 9ms (Views: 6.5ms | ActiveRecord: 0.0ms | Allocations: 3025)


Started GET "/users/sign_in" for 127.0.0.1 at 2024-03-12 19:11:36 -0400
Processing by Devise::SessionsController#new as HTML
  Rendering layout layouts/application.html.erb
  Rendering devise/sessions/new.html.erb within layouts/application
  Rendered devise/shared/_links.html.erb (Duration: 0.3ms | Allocations: 119)
  Rendered devise/sessions/new.html.erb within layouts/application (Duration: 2.7ms | Allocations: 909)
  Rendered layout layouts/application.html.erb (Duration: 6.2ms | Allocations: 2249)
Completed 200 OK in 9ms (Views: 7.1ms | ActiveRecord: 0.0ms | Allocations: 3057)


Started GET "/users/sign_up" for 127.0.0.1 at 2024-03-12 19:11:37 -0400
Processing by Devise::RegistrationsController#new as HTML
  Rendering layout layouts/application.html.erb
  Rendering devise/registrations/new.html.erb within layouts/application
  Rendered devise/shared/_error_messages.html.erb (Duration: 0.1ms | Allocations: 13)
  Rendered devise/shared/_links.html.erb (Duration: 0.3ms | Allocations: 72)
  Rendered devise/registrations/new.html.erb within layouts/application (Duration: 3.2ms | Allocations: 938)
  Rendered layout layouts/application.html.erb (Duration: 6.9ms | Allocations: 2290)
Completed 200 OK in 9ms (Views: 7.6ms | ActiveRecord: 0.0ms | Allocations: 3045)


Started GET "/users/sign_in" for 127.0.0.1 at 2024-03-12 19:11:38 -0400
Processing by Devise::SessionsController#new as HTML
  Rendering layout layouts/application.html.erb
  Rendering devise/sessions/new.html.erb within layouts/application
  Rendered devise/shared/_links.html.erb (Duration: 1.3ms | Allocations: 119)
  Rendered devise/sessions/new.html.erb within layouts/application (Duration: 3.7ms | Allocations: 909)
  Rendered layout layouts/application.html.erb (Duration: 6.1ms | Allocations: 2249)
Completed 200 OK in 9ms (Views: 7.0ms | ActiveRecord: 0.0ms | Allocations: 3090)


Started GET "/users/sign_out" for 127.0.0.1 at 2024-03-12 19:11:39 -0400
  
ActionController::RoutingError (No route matches [GET] "/users/sign_out"):
  
Started GET "/users/sign_in" for 127.0.0.1 at 2024-03-12 19:11:40 -0400
Processing by Devise::SessionsController#new as HTML
  Rendering layout layouts/application.html.erb
  Rendering devise/sessions/new.html.erb within layouts/application
  Rendered devise/shared/_links.html.erb (Duration: 0.2ms | Allocations: 119)
  Rendered devise/sessions/new.html.erb within layouts/application (Duration: 1.8ms | Allocations: 909)
  Rendered layout layouts/application.html.erb (Duration: 4.4ms | Allocations: 2254)
Completed 200 OK in 7ms (Views: 5.1ms | ActiveRecord: 0.0ms | Allocations: 3080)


